2015-08-14 23:38:50,803 INFO org.apache.hadoop.yarn.server.resourcemanager.ResourceManager: STARTUP_MSG: 
/************************************************************
STARTUP_MSG: Starting ResourceManager
STARTUP_MSG:   host = mn1/127.0.1.1
STARTUP_MSG:   args = []
STARTUP_MSG:   version = 2.6.0
STARTUP_MSG:   classpath = /home/hduser/hadoop-2.6.0/etc/hadoop:/home/hduser/hadoop-2.6.0/etc/hadoop:/home/hduser/hadoop-2.6.0/etc/hadoop:/home/hduser/hadoop-2.6.0/share/hadoop/common/lib/jackson-xc-1.9.13.jar:/home/hduser/hadoop-2.6.0/share/hadoop/common/lib/netty-3.6.2.Final.jar:/home/hduser/hadoop-2.6.0/share/hadoop/common/lib/jackson-core-asl-1.9.13.jar:/home/hduser/hadoop-2.6.0/share/hadoop/common/lib/snappy-java-1.0.4.1.jar:/home/hduser/hadoop-2.6.0/share/hadoop/common/lib/commons-collections-3.2.1.jar:/home/hduser/hadoop-2.6.0/share/hadoop/common/lib/jersey-json-1.9.jar:/home/hduser/hadoop-2.6.0/share/hadoop/common/lib/commons-beanutils-1.7.0.jar:/home/hduser/hadoop-2.6.0/share/hadoop/common/lib/slf4j-log4j12-1.7.5.jar:/home/hduser/hadoop-2.6.0/share/hadoop/common/lib/apacheds-i18n-2.0.0-M15.jar:/home/hduser/hadoop-2.6.0/share/hadoop/common/lib/hadoop-auth-2.6.0.jar:/home/hduser/hadoop-2.6.0/share/hadoop/common/lib/hadoop-annotations-2.6.0.jar:/home/hduser/hadoop-2.6.0/share/hadoop/common/lib/commons-codec-1.4.jar:/home/hduser/hadoop-2.6.0/share/hadoop/common/lib/httpcore-4.2.5.jar:/home/hduser/hadoop-2.6.0/share/hadoop/common/lib/commons-digester-1.8.jar:/home/hduser/hadoop-2.6.0/share/hadoop/common/lib/asm-3.2.jar:/home/hduser/hadoop-2.6.0/share/hadoop/common/lib/jersey-core-1.9.jar:/home/hduser/hadoop-2.6.0/share/hadoop/common/lib/jettison-1.1.jar:/home/hduser/hadoop-2.6.0/share/hadoop/common/lib/jersey-server-1.9.jar:/home/hduser/hadoop-2.6.0/share/hadoop/common/lib/jetty-util-6.1.26.jar:/home/hduser/hadoop-2.6.0/share/hadoop/common/lib/java-xmlbuilder-0.4.jar:/home/hduser/hadoop-2.6.0/share/hadoop/common/lib/jaxb-api-2.2.2.jar:/home/hduser/hadoop-2.6.0/share/hadoop/common/lib/curator-recipes-2.6.0.jar:/home/hduser/hadoop-2.6.0/share/hadoop/common/lib/api-asn1-api-1.0.0-M20.jar:/home/hduser/hadoop-2.6.0/share/hadoop/common/lib/gson-2.2.4.jar:/home/hduser/hadoop-2.6.0/share/hadoop/common/lib/curator-client-2.6.0.jar:/home/hduser/hadoop-2.6.0/share/hadoop/common/lib/commons-lang-2.6.jar:/home/hduser/hadoop-2.6.0/share/hadoop/common/lib/curator-framework-2.6.0.jar:/home/hduser/hadoop-2.6.0/share/hadoop/common/lib/slf4j-api-1.7.5.jar:/home/hduser/hadoop-2.6.0/share/hadoop/common/lib/guava-11.0.2.jar:/home/hduser/hadoop-2.6.0/share/hadoop/common/lib/junit-4.11.jar:/home/hduser/hadoop-2.6.0/share/hadoop/common/lib/api-util-1.0.0-M20.jar:/home/hduser/hadoop-2.6.0/share/hadoop/common/lib/jackson-jaxrs-1.9.13.jar:/home/hduser/hadoop-2.6.0/share/hadoop/common/lib/httpclient-4.2.5.jar:/home/hduser/hadoop-2.6.0/share/hadoop/common/lib/jetty-6.1.26.jar:/home/hduser/hadoop-2.6.0/share/hadoop/common/lib/jasper-runtime-5.5.23.jar:/home/hduser/hadoop-2.6.0/share/hadoop/common/lib/commons-httpclient-3.1.jar:/home/hduser/hadoop-2.6.0/share/hadoop/common/lib/stax-api-1.0-2.jar:/home/hduser/hadoop-2.6.0/share/hadoop/common/lib/htrace-core-3.0.4.jar:/home/hduser/hadoop-2.6.0/share/hadoop/common/lib/commons-compress-1.4.1.jar:/home/hduser/hadoop-2.6.0/share/hadoop/common/lib/commons-logging-1.1.3.jar:/home/hduser/hadoop-2.6.0/share/hadoop/common/lib/hamcrest-core-1.3.jar:/home/hduser/hadoop-2.6.0/share/hadoop/common/lib/commons-net-3.1.jar:/home/hduser/hadoop-2.6.0/share/hadoop/common/lib/apacheds-kerberos-codec-2.0.0-M15.jar:/home/hduser/hadoop-2.6.0/share/hadoop/common/lib/commons-io-2.4.jar:/home/hduser/hadoop-2.6.0/share/hadoop/common/lib/servlet-api-2.5.jar:/home/hduser/hadoop-2.6.0/share/hadoop/common/lib/xmlenc-0.52.jar:/home/hduser/hadoop-2.6.0/share/hadoop/common/lib/commons-cli-1.2.jar:/home/hduser/hadoop-2.6.0/share/hadoop/common/lib/jsr305-1.3.9.jar:/home/hduser/hadoop-2.6.0/share/hadoop/common/lib/jackson-mapper-asl-1.9.13.jar:/home/hduser/hadoop-2.6.0/share/hadoop/common/lib/commons-math3-3.1.1.jar:/home/hduser/hadoop-2.6.0/share/hadoop/common/lib/paranamer-2.3.jar:/home/hduser/hadoop-2.6.0/share/hadoop/common/lib/commons-el-1.0.jar:/home/hduser/hadoop-2.6.0/share/hadoop/common/lib/jasper-compiler-5.5.23.jar:/home/hduser/hadoop-2.6.0/share/hadoop/common/lib/jsch-0.1.42.jar:/home/hduser/hadoop-2.6.0/share/hadoop/common/lib/protobuf-java-2.5.0.jar:/home/hduser/hadoop-2.6.0/share/hadoop/common/lib/jaxb-impl-2.2.3-1.jar:/home/hduser/hadoop-2.6.0/share/hadoop/common/lib/xz-1.0.jar:/home/hduser/hadoop-2.6.0/share/hadoop/common/lib/jsp-api-2.1.jar:/home/hduser/hadoop-2.6.0/share/hadoop/common/lib/mockito-all-1.8.5.jar:/home/hduser/hadoop-2.6.0/share/hadoop/common/lib/commons-configuration-1.6.jar:/home/hduser/hadoop-2.6.0/share/hadoop/common/lib/zookeeper-3.4.6.jar:/home/hduser/hadoop-2.6.0/share/hadoop/common/lib/avro-1.7.4.jar:/home/hduser/hadoop-2.6.0/share/hadoop/common/lib/commons-beanutils-core-1.8.0.jar:/home/hduser/hadoop-2.6.0/share/hadoop/common/lib/jets3t-0.9.0.jar:/home/hduser/hadoop-2.6.0/share/hadoop/common/lib/log4j-1.2.17.jar:/home/hduser/hadoop-2.6.0/share/hadoop/common/lib/activation-1.1.jar:/home/hduser/hadoop-2.6.0/share/hadoop/common/hadoop-common-2.6.0-tests.jar:/home/hduser/hadoop-2.6.0/share/hadoop/common/hadoop-common-2.6.0.jar:/home/hduser/hadoop-2.6.0/share/hadoop/common/hadoop-nfs-2.6.0.jar:/home/hduser/hadoop-2.6.0/share/hadoop/hdfs:/home/hduser/hadoop-2.6.0/share/hadoop/hdfs/lib/netty-3.6.2.Final.jar:/home/hduser/hadoop-2.6.0/share/hadoop/hdfs/lib/jackson-core-asl-1.9.13.jar:/home/hduser/hadoop-2.6.0/share/hadoop/hdfs/lib/commons-codec-1.4.jar:/home/hduser/hadoop-2.6.0/share/hadoop/hdfs/lib/asm-3.2.jar:/home/hduser/hadoop-2.6.0/share/hadoop/hdfs/lib/jersey-core-1.9.jar:/home/hduser/hadoop-2.6.0/share/hadoop/hdfs/lib/jersey-server-1.9.jar:/home/hduser/hadoop-2.6.0/share/hadoop/hdfs/lib/jetty-util-6.1.26.jar:/home/hduser/hadoop-2.6.0/share/hadoop/hdfs/lib/commons-lang-2.6.jar:/home/hduser/hadoop-2.6.0/share/hadoop/hdfs/lib/guava-11.0.2.jar:/home/hduser/hadoop-2.6.0/share/hadoop/hdfs/lib/xml-apis-1.3.04.jar:/home/hduser/hadoop-2.6.0/share/hadoop/hdfs/lib/jetty-6.1.26.jar:/home/hduser/hadoop-2.6.0/share/hadoop/hdfs/lib/jasper-runtime-5.5.23.jar:/home/hduser/hadoop-2.6.0/share/hadoop/hdfs/lib/htrace-core-3.0.4.jar:/home/hduser/hadoop-2.6.0/share/hadoop/hdfs/lib/commons-logging-1.1.3.jar:/home/hduser/hadoop-2.6.0/share/hadoop/hdfs/lib/xercesImpl-2.9.1.jar:/home/hduser/hadoop-2.6.0/share/hadoop/hdfs/lib/commons-io-2.4.jar:/home/hduser/hadoop-2.6.0/share/hadoop/hdfs/lib/servlet-api-2.5.jar:/home/hduser/hadoop-2.6.0/share/hadoop/hdfs/lib/xmlenc-0.52.jar:/home/hduser/hadoop-2.6.0/share/hadoop/hdfs/lib/commons-cli-1.2.jar:/home/hduser/hadoop-2.6.0/share/hadoop/hdfs/lib/jsr305-1.3.9.jar:/home/hduser/hadoop-2.6.0/share/hadoop/hdfs/lib/jackson-mapper-asl-1.9.13.jar:/home/hduser/hadoop-2.6.0/share/hadoop/hdfs/lib/commons-el-1.0.jar:/home/hduser/hadoop-2.6.0/share/hadoop/hdfs/lib/protobuf-java-2.5.0.jar:/home/hduser/hadoop-2.6.0/share/hadoop/hdfs/lib/commons-daemon-1.0.13.jar:/home/hduser/hadoop-2.6.0/share/hadoop/hdfs/lib/jsp-api-2.1.jar:/home/hduser/hadoop-2.6.0/share/hadoop/hdfs/lib/log4j-1.2.17.jar:/home/hduser/hadoop-2.6.0/share/hadoop/hdfs/hadoop-hdfs-nfs-2.6.0.jar:/home/hduser/hadoop-2.6.0/share/hadoop/hdfs/hadoop-hdfs-2.6.0-tests.jar:/home/hduser/hadoop-2.6.0/share/hadoop/hdfs/hadoop-hdfs-2.6.0.jar:/home/hduser/hadoop-2.6.0/share/hadoop/yarn/lib/jackson-xc-1.9.13.jar:/home/hduser/hadoop-2.6.0/share/hadoop/yarn/lib/netty-3.6.2.Final.jar:/home/hduser/hadoop-2.6.0/share/hadoop/yarn/lib/jackson-core-asl-1.9.13.jar:/home/hduser/hadoop-2.6.0/share/hadoop/yarn/lib/commons-collections-3.2.1.jar:/home/hduser/hadoop-2.6.0/share/hadoop/yarn/lib/jersey-json-1.9.jar:/home/hduser/hadoop-2.6.0/share/hadoop/yarn/lib/commons-codec-1.4.jar:/home/hduser/hadoop-2.6.0/share/hadoop/yarn/lib/jline-0.9.94.jar:/home/hduser/hadoop-2.6.0/share/hadoop/yarn/lib/asm-3.2.jar:/home/hduser/hadoop-2.6.0/share/hadoop/yarn/lib/jersey-core-1.9.jar:/home/hduser/hadoop-2.6.0/share/hadoop/yarn/lib/jettison-1.1.jar:/home/hduser/hadoop-2.6.0/share/hadoop/yarn/lib/jersey-server-1.9.jar:/home/hduser/hadoop-2.6.0/share/hadoop/yarn/lib/jetty-util-6.1.26.jar:/home/hduser/hadoop-2.6.0/share/hadoop/yarn/lib/jaxb-api-2.2.2.jar:/home/hduser/hadoop-2.6.0/share/hadoop/yarn/lib/aopalliance-1.0.jar:/home/hduser/hadoop-2.6.0/share/hadoop/yarn/lib/commons-lang-2.6.jar:/home/hduser/hadoop-2.6.0/share/hadoop/yarn/lib/guava-11.0.2.jar:/home/hduser/hadoop-2.6.0/share/hadoop/yarn/lib/jersey-guice-1.9.jar:/home/hduser/hadoop-2.6.0/share/hadoop/yarn/lib/javax.inject-1.jar:/home/hduser/hadoop-2.6.0/share/hadoop/yarn/lib/jackson-jaxrs-1.9.13.jar:/home/hduser/hadoop-2.6.0/share/hadoop/yarn/lib/jetty-6.1.26.jar:/home/hduser/hadoop-2.6.0/share/hadoop/yarn/lib/commons-httpclient-3.1.jar:/home/hduser/hadoop-2.6.0/share/hadoop/yarn/lib/stax-api-1.0-2.jar:/home/hduser/hadoop-2.6.0/share/hadoop/yarn/lib/commons-compress-1.4.1.jar:/home/hduser/hadoop-2.6.0/share/hadoop/yarn/lib/leveldbjni-all-1.8.jar:/home/hduser/hadoop-2.6.0/share/hadoop/yarn/lib/commons-logging-1.1.3.jar:/home/hduser/hadoop-2.6.0/share/hadoop/yarn/lib/guice-3.0.jar:/home/hduser/hadoop-2.6.0/share/hadoop/yarn/lib/jersey-client-1.9.jar:/home/hduser/hadoop-2.6.0/share/hadoop/yarn/lib/commons-io-2.4.jar:/home/hduser/hadoop-2.6.0/share/hadoop/yarn/lib/servlet-api-2.5.jar:/home/hduser/hadoop-2.6.0/share/hadoop/yarn/lib/commons-cli-1.2.jar:/home/hduser/hadoop-2.6.0/share/hadoop/yarn/lib/jsr305-1.3.9.jar:/home/hduser/hadoop-2.6.0/share/hadoop/yarn/lib/jackson-mapper-asl-1.9.13.jar:/home/hduser/hadoop-2.6.0/share/hadoop/yarn/lib/protobuf-java-2.5.0.jar:/home/hduser/hadoop-2.6.0/share/hadoop/yarn/lib/jaxb-impl-2.2.3-1.jar:/home/hduser/hadoop-2.6.0/share/hadoop/yarn/lib/xz-1.0.jar:/home/hduser/hadoop-2.6.0/share/hadoop/yarn/lib/zookeeper-3.4.6.jar:/home/hduser/hadoop-2.6.0/share/hadoop/yarn/lib/log4j-1.2.17.jar:/home/hduser/hadoop-2.6.0/share/hadoop/yarn/lib/guice-servlet-3.0.jar:/home/hduser/hadoop-2.6.0/share/hadoop/yarn/lib/activation-1.1.jar:/home/hduser/hadoop-2.6.0/share/hadoop/yarn/hadoop-yarn-api-2.6.0.jar:/home/hduser/hadoop-2.6.0/share/hadoop/yarn/hadoop-yarn-server-resourcemanager-2.6.0.jar:/home/hduser/hadoop-2.6.0/share/hadoop/yarn/hadoop-yarn-client-2.6.0.jar:/home/hduser/hadoop-2.6.0/share/hadoop/yarn/hadoop-yarn-server-applicationhistoryservice-2.6.0.jar:/home/hduser/hadoop-2.6.0/share/hadoop/yarn/hadoop-yarn-server-web-proxy-2.6.0.jar:/home/hduser/hadoop-2.6.0/share/hadoop/yarn/hadoop-yarn-server-common-2.6.0.jar:/home/hduser/hadoop-2.6.0/share/hadoop/yarn/hadoop-yarn-server-nodemanager-2.6.0.jar:/home/hduser/hadoop-2.6.0/share/hadoop/yarn/hadoop-yarn-registry-2.6.0.jar:/home/hduser/hadoop-2.6.0/share/hadoop/yarn/hadoop-yarn-server-tests-2.6.0.jar:/home/hduser/hadoop-2.6.0/share/hadoop/yarn/hadoop-yarn-applications-distributedshell-2.6.0.jar:/home/hduser/hadoop-2.6.0/share/hadoop/yarn/hadoop-yarn-common-2.6.0.jar:/home/hduser/hadoop-2.6.0/share/hadoop/yarn/hadoop-yarn-applications-unmanaged-am-launcher-2.6.0.jar:/home/hduser/hadoop-2.6.0/share/hadoop/mapreduce/lib/netty-3.6.2.Final.jar:/home/hduser/hadoop-2.6.0/share/hadoop/mapreduce/lib/jackson-core-asl-1.9.13.jar:/home/hduser/hadoop-2.6.0/share/hadoop/mapreduce/lib/snappy-java-1.0.4.1.jar:/home/hduser/hadoop-2.6.0/share/hadoop/mapreduce/lib/hadoop-annotations-2.6.0.jar:/home/hduser/hadoop-2.6.0/share/hadoop/mapreduce/lib/asm-3.2.jar:/home/hduser/hadoop-2.6.0/share/hadoop/mapreduce/lib/jersey-core-1.9.jar:/home/hduser/hadoop-2.6.0/share/hadoop/mapreduce/lib/jersey-server-1.9.jar:/home/hduser/hadoop-2.6.0/share/hadoop/mapreduce/lib/aopalliance-1.0.jar:/home/hduser/hadoop-2.6.0/share/hadoop/mapreduce/lib/jersey-guice-1.9.jar:/home/hduser/hadoop-2.6.0/share/hadoop/mapreduce/lib/javax.inject-1.jar:/home/hduser/hadoop-2.6.0/share/hadoop/mapreduce/lib/junit-4.11.jar:/home/hduser/hadoop-2.6.0/share/hadoop/mapreduce/lib/commons-compress-1.4.1.jar:/home/hduser/hadoop-2.6.0/share/hadoop/mapreduce/lib/leveldbjni-all-1.8.jar:/home/hduser/hadoop-2.6.0/share/hadoop/mapreduce/lib/hamcrest-core-1.3.jar:/home/hduser/hadoop-2.6.0/share/hadoop/mapreduce/lib/guice-3.0.jar:/home/hduser/hadoop-2.6.0/share/hadoop/mapreduce/lib/commons-io-2.4.jar:/home/hduser/hadoop-2.6.0/share/hadoop/mapreduce/lib/jackson-mapper-asl-1.9.13.jar:/home/hduser/hadoop-2.6.0/share/hadoop/mapreduce/lib/paranamer-2.3.jar:/home/hduser/hadoop-2.6.0/share/hadoop/mapreduce/lib/protobuf-java-2.5.0.jar:/home/hduser/hadoop-2.6.0/share/hadoop/mapreduce/lib/xz-1.0.jar:/home/hduser/hadoop-2.6.0/share/hadoop/mapreduce/lib/avro-1.7.4.jar:/home/hduser/hadoop-2.6.0/share/hadoop/mapreduce/lib/log4j-1.2.17.jar:/home/hduser/hadoop-2.6.0/share/hadoop/mapreduce/lib/guice-servlet-3.0.jar:/home/hduser/hadoop-2.6.0/share/hadoop/mapreduce/hadoop-mapreduce-client-jobclient-2.6.0.jar:/home/hduser/hadoop-2.6.0/share/hadoop/mapreduce/hadoop-mapreduce-client-shuffle-2.6.0.jar:/home/hduser/hadoop-2.6.0/share/hadoop/mapreduce/hadoop-mapreduce-client-common-2.6.0.jar:/home/hduser/hadoop-2.6.0/share/hadoop/mapreduce/hadoop-mapreduce-client-hs-2.6.0.jar:/home/hduser/hadoop-2.6.0/share/hadoop/mapreduce/hadoop-mapreduce-client-app-2.6.0.jar:/home/hduser/hadoop-2.6.0/share/hadoop/mapreduce/hadoop-mapreduce-client-core-2.6.0.jar:/home/hduser/hadoop-2.6.0/share/hadoop/mapreduce/hadoop-mapreduce-client-jobclient-2.6.0-tests.jar:/home/hduser/hadoop-2.6.0/share/hadoop/mapreduce/hadoop-mapreduce-examples-2.6.0.jar:/home/hduser/hadoop-2.6.0/share/hadoop/mapreduce/hadoop-mapreduce-client-hs-plugins-2.6.0.jar:/contrib/capacity-scheduler/*.jar:/contrib/capacity-scheduler/*.jar:/contrib/capacity-scheduler/*.jar:/contrib/capacity-scheduler/*.jar:/home/hduser/hadoop-2.6.0/share/hadoop/yarn/hadoop-yarn-api-2.6.0.jar:/home/hduser/hadoop-2.6.0/share/hadoop/yarn/hadoop-yarn-server-resourcemanager-2.6.0.jar:/home/hduser/hadoop-2.6.0/share/hadoop/yarn/hadoop-yarn-client-2.6.0.jar:/home/hduser/hadoop-2.6.0/share/hadoop/yarn/hadoop-yarn-server-applicationhistoryservice-2.6.0.jar:/home/hduser/hadoop-2.6.0/share/hadoop/yarn/hadoop-yarn-server-web-proxy-2.6.0.jar:/home/hduser/hadoop-2.6.0/share/hadoop/yarn/hadoop-yarn-server-common-2.6.0.jar:/home/hduser/hadoop-2.6.0/share/hadoop/yarn/hadoop-yarn-server-nodemanager-2.6.0.jar:/home/hduser/hadoop-2.6.0/share/hadoop/yarn/hadoop-yarn-registry-2.6.0.jar:/home/hduser/hadoop-2.6.0/share/hadoop/yarn/hadoop-yarn-server-tests-2.6.0.jar:/home/hduser/hadoop-2.6.0/share/hadoop/yarn/hadoop-yarn-applications-distributedshell-2.6.0.jar:/home/hduser/hadoop-2.6.0/share/hadoop/yarn/hadoop-yarn-common-2.6.0.jar:/home/hduser/hadoop-2.6.0/share/hadoop/yarn/hadoop-yarn-applications-unmanaged-am-launcher-2.6.0.jar:/home/hduser/hadoop-2.6.0/share/hadoop/yarn/lib/jackson-xc-1.9.13.jar:/home/hduser/hadoop-2.6.0/share/hadoop/yarn/lib/netty-3.6.2.Final.jar:/home/hduser/hadoop-2.6.0/share/hadoop/yarn/lib/jackson-core-asl-1.9.13.jar:/home/hduser/hadoop-2.6.0/share/hadoop/yarn/lib/commons-collections-3.2.1.jar:/home/hduser/hadoop-2.6.0/share/hadoop/yarn/lib/jersey-json-1.9.jar:/home/hduser/hadoop-2.6.0/share/hadoop/yarn/lib/commons-codec-1.4.jar:/home/hduser/hadoop-2.6.0/share/hadoop/yarn/lib/jline-0.9.94.jar:/home/hduser/hadoop-2.6.0/share/hadoop/yarn/lib/asm-3.2.jar:/home/hduser/hadoop-2.6.0/share/hadoop/yarn/lib/jersey-core-1.9.jar:/home/hduser/hadoop-2.6.0/share/hadoop/yarn/lib/jettison-1.1.jar:/home/hduser/hadoop-2.6.0/share/hadoop/yarn/lib/jersey-server-1.9.jar:/home/hduser/hadoop-2.6.0/share/hadoop/yarn/lib/jetty-util-6.1.26.jar:/home/hduser/hadoop-2.6.0/share/hadoop/yarn/lib/jaxb-api-2.2.2.jar:/home/hduser/hadoop-2.6.0/share/hadoop/yarn/lib/aopalliance-1.0.jar:/home/hduser/hadoop-2.6.0/share/hadoop/yarn/lib/commons-lang-2.6.jar:/home/hduser/hadoop-2.6.0/share/hadoop/yarn/lib/guava-11.0.2.jar:/home/hduser/hadoop-2.6.0/share/hadoop/yarn/lib/jersey-guice-1.9.jar:/home/hduser/hadoop-2.6.0/share/hadoop/yarn/lib/javax.inject-1.jar:/home/hduser/hadoop-2.6.0/share/hadoop/yarn/lib/jackson-jaxrs-1.9.13.jar:/home/hduser/hadoop-2.6.0/share/hadoop/yarn/lib/jetty-6.1.26.jar:/home/hduser/hadoop-2.6.0/share/hadoop/yarn/lib/commons-httpclient-3.1.jar:/home/hduser/hadoop-2.6.0/share/hadoop/yarn/lib/stax-api-1.0-2.jar:/home/hduser/hadoop-2.6.0/share/hadoop/yarn/lib/commons-compress-1.4.1.jar:/home/hduser/hadoop-2.6.0/share/hadoop/yarn/lib/leveldbjni-all-1.8.jar:/home/hduser/hadoop-2.6.0/share/hadoop/yarn/lib/commons-logging-1.1.3.jar:/home/hduser/hadoop-2.6.0/share/hadoop/yarn/lib/guice-3.0.jar:/home/hduser/hadoop-2.6.0/share/hadoop/yarn/lib/jersey-client-1.9.jar:/home/hduser/hadoop-2.6.0/share/hadoop/yarn/lib/commons-io-2.4.jar:/home/hduser/hadoop-2.6.0/share/hadoop/yarn/lib/servlet-api-2.5.jar:/home/hduser/hadoop-2.6.0/share/hadoop/yarn/lib/commons-cli-1.2.jar:/home/hduser/hadoop-2.6.0/share/hadoop/yarn/lib/jsr305-1.3.9.jar:/home/hduser/hadoop-2.6.0/share/hadoop/yarn/lib/jackson-mapper-asl-1.9.13.jar:/home/hduser/hadoop-2.6.0/share/hadoop/yarn/lib/protobuf-java-2.5.0.jar:/home/hduser/hadoop-2.6.0/share/hadoop/yarn/lib/jaxb-impl-2.2.3-1.jar:/home/hduser/hadoop-2.6.0/share/hadoop/yarn/lib/xz-1.0.jar:/home/hduser/hadoop-2.6.0/share/hadoop/yarn/lib/zookeeper-3.4.6.jar:/home/hduser/hadoop-2.6.0/share/hadoop/yarn/lib/log4j-1.2.17.jar:/home/hduser/hadoop-2.6.0/share/hadoop/yarn/lib/guice-servlet-3.0.jar:/home/hduser/hadoop-2.6.0/share/hadoop/yarn/lib/activation-1.1.jar:/home/hduser/hadoop-2.6.0/etc/hadoop/rm-config/log4j.properties
STARTUP_MSG:   build = https://git-wip-us.apache.org/repos/asf/hadoop.git -r e3496499ecb8d220fba99dc5ed4c99c8f9e33bb1; compiled by 'jenkins' on 2014-11-13T21:10Z
STARTUP_MSG:   java = 1.8.0_31
************************************************************/
2015-08-14 23:38:50,828 INFO org.apache.hadoop.yarn.server.resourcemanager.ResourceManager: registered UNIX signal handlers for [TERM, HUP, INT]
2015-08-14 23:38:51,399 INFO org.apache.hadoop.conf.Configuration: found resource core-site.xml at file:/home/hduser/hadoop-2.6.0/etc/hadoop/core-site.xml
2015-08-14 23:38:51,505 WARN org.apache.hadoop.conf.Configuration: java.io.BufferedInputStream@52f759d7:an attempt to override final parameter: fs.defaultFS;  Ignoring.
2015-08-14 23:38:51,523 INFO org.apache.hadoop.security.Groups: clearing userToGroupsMap cache
2015-08-14 23:38:51,676 INFO org.apache.hadoop.conf.Configuration: found resource yarn-site.xml at file:/home/hduser/hadoop-2.6.0/etc/hadoop/yarn-site.xml
2015-08-14 23:38:52,019 INFO org.apache.hadoop.yarn.event.AsyncDispatcher: Registering class org.apache.hadoop.yarn.server.resourcemanager.RMFatalEventType for class org.apache.hadoop.yarn.server.resourcemanager.ResourceManager$RMFatalEventDispatcher
2015-08-14 23:38:52,408 INFO org.apache.hadoop.yarn.server.resourcemanager.security.NMTokenSecretManagerInRM: NMTokenKeyRollingInterval: 86400000ms and NMTokenKeyActivationDelay: 900000ms
2015-08-14 23:38:52,437 INFO org.apache.hadoop.yarn.server.resourcemanager.security.RMContainerTokenSecretManager: ContainerTokenKeyRollingInterval: 86400000ms and ContainerTokenKeyActivationDelay: 900000ms
2015-08-14 23:38:52,452 INFO org.apache.hadoop.yarn.server.resourcemanager.security.AMRMTokenSecretManager: AMRMTokenKeyRollingInterval: 86400000ms and AMRMTokenKeyActivationDelay: 900000 ms
2015-08-14 23:38:52,499 INFO org.apache.hadoop.yarn.event.AsyncDispatcher: Registering class org.apache.hadoop.yarn.server.resourcemanager.recovery.RMStateStoreEventType for class org.apache.hadoop.yarn.server.resourcemanager.recovery.RMStateStore$ForwardingEventHandler
2015-08-14 23:38:52,507 INFO org.apache.hadoop.yarn.event.AsyncDispatcher: Registering class org.apache.hadoop.yarn.server.resourcemanager.NodesListManagerEventType for class org.apache.hadoop.yarn.server.resourcemanager.NodesListManager
2015-08-14 23:38:52,508 INFO org.apache.hadoop.yarn.server.resourcemanager.ResourceManager: Using Scheduler: org.apache.hadoop.yarn.server.resourcemanager.scheduler.capacity.CapacityScheduler
2015-08-14 23:38:52,527 INFO org.apache.hadoop.yarn.event.AsyncDispatcher: Registering class org.apache.hadoop.yarn.server.resourcemanager.scheduler.event.SchedulerEventType for class org.apache.hadoop.yarn.server.resourcemanager.ResourceManager$SchedulerEventDispatcher
2015-08-14 23:38:52,528 INFO org.apache.hadoop.yarn.event.AsyncDispatcher: Registering class org.apache.hadoop.yarn.server.resourcemanager.rmapp.RMAppEventType for class org.apache.hadoop.yarn.server.resourcemanager.ResourceManager$ApplicationEventDispatcher
2015-08-14 23:38:52,529 INFO org.apache.hadoop.yarn.event.AsyncDispatcher: Registering class org.apache.hadoop.yarn.server.resourcemanager.rmapp.attempt.RMAppAttemptEventType for class org.apache.hadoop.yarn.server.resourcemanager.ResourceManager$ApplicationAttemptEventDispatcher
2015-08-14 23:38:52,529 INFO org.apache.hadoop.yarn.event.AsyncDispatcher: Registering class org.apache.hadoop.yarn.server.resourcemanager.rmnode.RMNodeEventType for class org.apache.hadoop.yarn.server.resourcemanager.ResourceManager$NodeEventDispatcher
2015-08-14 23:38:52,606 INFO org.apache.hadoop.metrics2.impl.MetricsConfig: loaded properties from hadoop-metrics2.properties
2015-08-14 23:38:52,738 INFO org.apache.hadoop.metrics2.impl.MetricsSystemImpl: Scheduled snapshot period at 10 second(s).
2015-08-14 23:38:52,739 INFO org.apache.hadoop.metrics2.impl.MetricsSystemImpl: ResourceManager metrics system started
2015-08-14 23:38:52,752 INFO org.apache.hadoop.yarn.event.AsyncDispatcher: Registering class org.apache.hadoop.yarn.server.resourcemanager.RMAppManagerEventType for class org.apache.hadoop.yarn.server.resourcemanager.RMAppManager
2015-08-14 23:38:52,760 INFO org.apache.hadoop.yarn.event.AsyncDispatcher: Registering class org.apache.hadoop.yarn.server.resourcemanager.amlauncher.AMLauncherEventType for class org.apache.hadoop.yarn.server.resourcemanager.amlauncher.ApplicationMasterLauncher
2015-08-14 23:38:52,762 INFO org.apache.hadoop.yarn.server.resourcemanager.RMNMInfo: Registered RMNMInfo MBean
2015-08-14 23:38:52,762 INFO org.apache.hadoop.yarn.server.resourcemanager.metrics.SystemMetricsPublisher: YARN system metrics publishing service is not enabled
2015-08-14 23:38:52,763 INFO org.apache.hadoop.util.HostsFileReader: Refreshing hosts (include/exclude) list
2015-08-14 23:38:52,767 INFO org.apache.hadoop.conf.Configuration: found resource capacity-scheduler.xml at file:/home/hduser/hadoop-2.6.0/etc/hadoop/capacity-scheduler.xml
2015-08-14 23:38:52,870 INFO org.apache.hadoop.yarn.server.resourcemanager.scheduler.capacity.ParentQueue: root, capacity=1.0, asboluteCapacity=1.0, maxCapacity=1.0, asboluteMaxCapacity=1.0, state=RUNNING, acls=ADMINISTER_QUEUE:*SUBMIT_APPLICATIONS:*, labels=*,
, reservationsContinueLooking=true
2015-08-14 23:38:52,870 INFO org.apache.hadoop.yarn.server.resourcemanager.scheduler.capacity.ParentQueue: Initialized parent-queue root name=root, fullname=root
2015-08-14 23:38:52,890 INFO org.apache.hadoop.yarn.server.resourcemanager.scheduler.capacity.LeafQueue: Initializing default
capacity = 1.0 [= (float) configuredCapacity / 100 ]
asboluteCapacity = 1.0 [= parentAbsoluteCapacity * capacity ]
maxCapacity = 1.0 [= configuredMaxCapacity ]
absoluteMaxCapacity = 1.0 [= 1.0 maximumCapacity undefined, (parentAbsoluteMaxCapacity * maximumCapacity) / 100 otherwise ]
userLimit = 100 [= configuredUserLimit ]
userLimitFactor = 1.0 [= configuredUserLimitFactor ]
maxApplications = 10000 [= configuredMaximumSystemApplicationsPerQueue or (int)(configuredMaximumSystemApplications * absoluteCapacity)]
maxApplicationsPerUser = 10000 [= (int)(maxApplications * (userLimit / 100.0f) * userLimitFactor) ]
maxActiveApplications = 1 [= max((int)ceil((clusterResourceMemory / minimumAllocation) * maxAMResourcePerQueuePercent * absoluteMaxCapacity),1) ]
maxActiveAppsUsingAbsCap = 1 [= max((int)ceil((clusterResourceMemory / minimumAllocation) *maxAMResourcePercent * absoluteCapacity),1) ]
maxActiveApplicationsPerUser = 1 [= max((int)(maxActiveApplications * (userLimit / 100.0f) * userLimitFactor),1) ]
usedCapacity = 0.0 [= usedResourcesMemory / (clusterResourceMemory * absoluteCapacity)]
absoluteUsedCapacity = 0.0 [= usedResourcesMemory / clusterResourceMemory]
maxAMResourcePerQueuePercent = 0.1 [= configuredMaximumAMResourcePercent ]
minimumAllocationFactor = 0.875 [= (float)(maximumAllocationMemory - minimumAllocationMemory) / maximumAllocationMemory ]
numContainers = 0 [= currentNumContainers ]
state = RUNNING [= configuredState ]
acls = ADMINISTER_QUEUE:*SUBMIT_APPLICATIONS:* [= configuredAcls ]
nodeLocalityDelay = 40
labels=*,
nodeLocalityDelay = 40
reservationsContinueLooking = true

2015-08-14 23:38:52,890 INFO org.apache.hadoop.yarn.server.resourcemanager.scheduler.capacity.CapacityScheduler: Initialized queue: default: capacity=1.0, absoluteCapacity=1.0, usedResources=<memory:0, vCores:0>, usedCapacity=0.0, absoluteUsedCapacity=0.0, numApps=0, numContainers=0
2015-08-14 23:38:52,890 INFO org.apache.hadoop.yarn.server.resourcemanager.scheduler.capacity.CapacityScheduler: Initialized queue: root: numChildQueue= 1, capacity=1.0, absoluteCapacity=1.0, usedResources=<memory:0, vCores:0>usedCapacity=0.0, numApps=0, numContainers=0
2015-08-14 23:38:52,891 INFO org.apache.hadoop.yarn.server.resourcemanager.scheduler.capacity.CapacityScheduler: Initialized root queue root: numChildQueue= 1, capacity=1.0, absoluteCapacity=1.0, usedResources=<memory:0, vCores:0>usedCapacity=0.0, numApps=0, numContainers=0
2015-08-14 23:38:52,891 INFO org.apache.hadoop.yarn.server.resourcemanager.scheduler.capacity.CapacityScheduler: Initialized queue mappings, override: false
2015-08-14 23:38:52,891 INFO org.apache.hadoop.yarn.server.resourcemanager.scheduler.capacity.CapacityScheduler: Initialized CapacityScheduler with calculator=class org.apache.hadoop.yarn.util.resource.DefaultResourceCalculator, minimumAllocation=<<memory:1024, vCores:1>>, maximumAllocation=<<memory:8192, vCores:32>>, asynchronousScheduling=false, asyncScheduleInterval=5ms
2015-08-14 23:38:52,912 INFO org.apache.hadoop.yarn.server.resourcemanager.ResourceManager: Transitioning to active state
2015-08-14 23:38:52,972 INFO org.apache.hadoop.yarn.server.resourcemanager.security.RMContainerTokenSecretManager: Rolling master-key for container-tokens
2015-08-14 23:38:52,972 INFO org.apache.hadoop.yarn.server.resourcemanager.security.NMTokenSecretManagerInRM: Rolling master-key for nm-tokens
2015-08-14 23:38:52,972 INFO org.apache.hadoop.security.token.delegation.AbstractDelegationTokenSecretManager: Updating the current master key for generating delegation tokens
2015-08-14 23:38:52,973 INFO org.apache.hadoop.yarn.server.resourcemanager.security.RMDelegationTokenSecretManager: storing master key with keyID 1
2015-08-14 23:38:52,974 INFO org.apache.hadoop.security.token.delegation.AbstractDelegationTokenSecretManager: Starting expired delegation token remover thread, tokenRemoverScanInterval=60 min(s)
2015-08-14 23:38:52,975 INFO org.apache.hadoop.security.token.delegation.AbstractDelegationTokenSecretManager: Updating the current master key for generating delegation tokens
2015-08-14 23:38:52,975 INFO org.apache.hadoop.yarn.server.resourcemanager.security.RMDelegationTokenSecretManager: storing master key with keyID 2
2015-08-14 23:38:53,000 INFO org.apache.hadoop.ipc.CallQueueManager: Using callQueue class java.util.concurrent.LinkedBlockingQueue
2015-08-14 23:38:53,027 INFO org.apache.hadoop.ipc.Server: Starting Socket Reader #1 for port 8031
2015-08-14 23:38:53,045 INFO org.apache.hadoop.yarn.factories.impl.pb.RpcServerFactoryPBImpl: Adding protocol org.apache.hadoop.yarn.server.api.ResourceTrackerPB to the server
2015-08-14 23:38:53,047 INFO org.apache.hadoop.ipc.Server: IPC Server Responder: starting
2015-08-14 23:38:53,048 INFO org.apache.hadoop.ipc.Server: IPC Server listener on 8031: starting
2015-08-14 23:38:53,082 INFO org.apache.hadoop.ipc.CallQueueManager: Using callQueue class java.util.concurrent.LinkedBlockingQueue
2015-08-14 23:38:53,094 INFO org.apache.hadoop.ipc.Server: Starting Socket Reader #1 for port 8030
2015-08-14 23:38:53,109 INFO org.apache.hadoop.yarn.factories.impl.pb.RpcServerFactoryPBImpl: Adding protocol org.apache.hadoop.yarn.api.ApplicationMasterProtocolPB to the server
2015-08-14 23:38:53,112 INFO org.apache.hadoop.ipc.Server: IPC Server Responder: starting
2015-08-14 23:38:53,112 INFO org.apache.hadoop.ipc.Server: IPC Server listener on 8030: starting
2015-08-14 23:38:53,169 INFO org.apache.hadoop.ipc.CallQueueManager: Using callQueue class java.util.concurrent.LinkedBlockingQueue
2015-08-14 23:38:53,192 INFO org.apache.hadoop.ipc.Server: Starting Socket Reader #1 for port 8032
2015-08-14 23:38:53,199 INFO org.apache.hadoop.yarn.factories.impl.pb.RpcServerFactoryPBImpl: Adding protocol org.apache.hadoop.yarn.api.ApplicationClientProtocolPB to the server
2015-08-14 23:38:53,201 INFO org.apache.hadoop.ipc.Server: IPC Server Responder: starting
2015-08-14 23:38:53,202 INFO org.apache.hadoop.ipc.Server: IPC Server listener on 8032: starting
2015-08-14 23:38:53,211 INFO org.apache.hadoop.yarn.server.resourcemanager.ResourceManager: Transitioned to active state
2015-08-14 23:38:53,295 INFO org.mortbay.log: Logging to org.slf4j.impl.Log4jLoggerAdapter(org.mortbay.log) via org.mortbay.log.Slf4jLog
2015-08-14 23:38:53,299 INFO org.apache.hadoop.http.HttpRequestLog: Http request log for http.requests.resourcemanager is not defined
2015-08-14 23:38:53,322 INFO org.apache.hadoop.http.HttpServer2: Added global filter 'safety' (class=org.apache.hadoop.http.HttpServer2$QuotingInputFilter)
2015-08-14 23:38:53,328 INFO org.apache.hadoop.http.HttpServer2: Added filter RMAuthenticationFilter (class=org.apache.hadoop.yarn.server.security.http.RMAuthenticationFilter) to context cluster
2015-08-14 23:38:53,328 INFO org.apache.hadoop.http.HttpServer2: Added filter RMAuthenticationFilter (class=org.apache.hadoop.yarn.server.security.http.RMAuthenticationFilter) to context logs
2015-08-14 23:38:53,328 INFO org.apache.hadoop.http.HttpServer2: Added filter RMAuthenticationFilter (class=org.apache.hadoop.yarn.server.security.http.RMAuthenticationFilter) to context static
2015-08-14 23:38:53,328 INFO org.apache.hadoop.http.HttpServer2: Added filter static_user_filter (class=org.apache.hadoop.http.lib.StaticUserWebFilter$StaticUserFilter) to context cluster
2015-08-14 23:38:53,328 INFO org.apache.hadoop.http.HttpServer2: Added filter static_user_filter (class=org.apache.hadoop.http.lib.StaticUserWebFilter$StaticUserFilter) to context logs
2015-08-14 23:38:53,328 INFO org.apache.hadoop.http.HttpServer2: Added filter static_user_filter (class=org.apache.hadoop.http.lib.StaticUserWebFilter$StaticUserFilter) to context static
2015-08-14 23:38:53,331 INFO org.apache.hadoop.http.HttpServer2: adding path spec: /cluster/*
2015-08-14 23:38:53,331 INFO org.apache.hadoop.http.HttpServer2: adding path spec: /ws/*
2015-08-14 23:38:53,368 INFO org.apache.hadoop.http.HttpServer2: Jetty bound to port 8088
2015-08-14 23:38:53,368 INFO org.mortbay.log: jetty-6.1.26
2015-08-14 23:38:53,421 INFO org.mortbay.log: Extract jar:file:/home/hduser/hadoop-2.6.0/share/hadoop/yarn/hadoop-yarn-common-2.6.0.jar!/webapps/cluster to /tmp/Jetty_mn1_8088_cluster____xmbk2k/webapp
2015-08-14 23:38:54,038 INFO org.apache.hadoop.security.token.delegation.AbstractDelegationTokenSecretManager: Updating the current master key for generating delegation tokens
2015-08-14 23:38:54,050 INFO org.apache.hadoop.security.token.delegation.AbstractDelegationTokenSecretManager: Starting expired delegation token remover thread, tokenRemoverScanInterval=60 min(s)
2015-08-14 23:38:54,050 INFO org.apache.hadoop.security.token.delegation.AbstractDelegationTokenSecretManager: Updating the current master key for generating delegation tokens
2015-08-14 23:38:54,092 INFO org.apache.hadoop.security.token.delegation.AbstractDelegationTokenSecretManager: Updating the current master key for generating delegation tokens
2015-08-14 23:38:54,093 INFO org.apache.hadoop.security.token.delegation.AbstractDelegationTokenSecretManager: Starting expired delegation token remover thread, tokenRemoverScanInterval=60 min(s)
2015-08-14 23:38:54,093 INFO org.apache.hadoop.security.token.delegation.AbstractDelegationTokenSecretManager: Updating the current master key for generating delegation tokens
2015-08-14 23:38:54,093 INFO org.apache.hadoop.security.token.delegation.AbstractDelegationTokenSecretManager: Updating the current master key for generating delegation tokens
2015-08-14 23:38:54,099 INFO org.apache.hadoop.security.token.delegation.AbstractDelegationTokenSecretManager: Starting expired delegation token remover thread, tokenRemoverScanInterval=60 min(s)
2015-08-14 23:38:54,099 INFO org.apache.hadoop.security.token.delegation.AbstractDelegationTokenSecretManager: Updating the current master key for generating delegation tokens
2015-08-14 23:38:54,102 INFO org.mortbay.log: Started HttpServer2$SelectChannelConnectorWithSafeStartup@mn1:8088
2015-08-14 23:38:54,103 INFO org.apache.hadoop.yarn.webapp.WebApps: Web app /cluster started at 8088
2015-08-14 23:38:54,714 INFO org.apache.hadoop.yarn.webapp.WebApps: Registered webapp guice modules
2015-08-14 23:38:54,737 INFO org.apache.hadoop.ipc.CallQueueManager: Using callQueue class java.util.concurrent.LinkedBlockingQueue
2015-08-14 23:38:54,741 INFO org.apache.hadoop.ipc.Server: Starting Socket Reader #1 for port 8033
2015-08-14 23:38:54,743 INFO org.apache.hadoop.yarn.factories.impl.pb.RpcServerFactoryPBImpl: Adding protocol org.apache.hadoop.yarn.server.api.ResourceManagerAdministrationProtocolPB to the server
2015-08-14 23:38:54,745 INFO org.apache.hadoop.ipc.Server: IPC Server Responder: starting
2015-08-14 23:38:54,745 INFO org.apache.hadoop.ipc.Server: IPC Server listener on 8033: starting
2015-08-14 23:48:52,904 INFO org.apache.hadoop.yarn.server.resourcemanager.scheduler.AbstractYarnScheduler: Release request cache is cleaned up
